<?xml version="1.0" encoding="UTF-8"?>
<!-- Generated by org.testng.reporters.JUnitXMLReporter -->
<testsuite ignored="0" hostname="FFE-Manikantha-FFE119" failures="0" tests="1" name="Test" time="0.092" errors="0" timestamp="2025-05-03T09:25:17 IST">
  <testcase classname="automationtraining.base.BaseTest" name="@BeforeMethod setup" time="0.013">
    <failure type="java.lang.NullPointerException" message="Cannot invoke &amp;quot;String.replaceAll(String, String)&amp;quot; because &amp;quot;x&amp;quot; is null">
      <![CDATA[java.lang.NullPointerException: Cannot invoke "String.replaceAll(String, String)" because "x" is null
at com.aventstack.extentreports.ExtentTest.lambda$assignDevice$2(ExtentTest.java:1087)
at java.base/java.util.Spliterators$ArraySpliterator.forEachRemaining(Spliterators.java:992)
at java.base/java.util.stream.ReferencePipeline$Head.forEach(ReferencePipeline.java:762)
at com.aventstack.extentreports.ExtentTest.assignDevice(ExtentTest.java:1086)
at automationtraining.base.BaseTest.setup(BaseTest.java:58)
at java.base/java.util.ArrayList.forEach(ArrayList.java:1511)
... Removed 31 stack frames]]>
    </failure>
  </testcase> <!-- @BeforeMethod setup -->
  <testcase classname="automationtraining.base.BaseTest" name="@AfterMethod tearDown" time="0.0">
    <skipped/>
  </testcase> <!-- @AfterMethod tearDown -->
  <testcase classname="automationtraining.tests.WindowsTest" name="testWindows" time="0.0">
    <skipped/>
  </testcase> <!-- testWindows -->
</testsuite> <!-- Test -->
