<?xml version="1.0" encoding="UTF-8"?>
<!-- Generated by org.testng.reporters.JUnitXMLReporter -->
<testsuite ignored="2" hostname="FFE-Manikantha-FFE119" failures="0" tests="1" name="WindowsTest" time="16.38" errors="0" timestamp="2025-05-03T16:34:57 IST">
  <testcase classname="automationtraining.tests.WindowsTest" name="testMultipleWindows" time="12.232"/>
  <testcase classname="automationtraining.tests.WindowsTest" name="testSeparateWindows" time="0.0">
    <ignored/>
  </testcase> <!-- testSeparateWindows -->
  <testcase classname="automationtraining.tests.WindowsTest" name="testTabbedWindows" time="0.0">
    <ignored/>
  </testcase> <!-- testTabbedWindows -->
</testsuite> <!-- WindowsTest -->
