<?xml version="1.0" encoding="UTF-8"?>
<testng-results ignored="0" total="1" passed="1" failed="0" skipped="0">
  <reporter-output>
  </reporter-output>
  <suite started-at="2025-04-20T10:54:05 IST" name="AutomationTrainingSuite" finished-at="2025-04-20T10:54:12 IST" duration-ms="6169">
    <groups>
    </groups>
    <test started-at="2025-04-20T10:54:05 IST" name="LoginTest_chrome" finished-at="2025-04-20T10:54:12 IST" duration-ms="6169">
      <class name="automationtraining.tests.LoginTest">
        <test-method is-config="true" signature="initialize()[pri:0, instance:automationtraining.tests.LoginTest@5495333e]" started-at="2025-04-20T10:54:05 IST" name="initialize" finished-at="2025-04-20T10:54:05 IST" duration-ms="20" status="PASS">
          <reporter-output>
          </reporter-output>
        </test-method> <!-- initialize -->
        <test-method is-config="true" signature="setup(org.testng.ITestContext,java.lang.reflect.Method)[pri:0, instance:automationtraining.tests.LoginTest@5495333e]" started-at="2025-04-20T10:54:05 IST" name="setup" finished-at="2025-04-20T10:54:07 IST" duration-ms="1806" status="PASS">
          <params>
            <param index="0">
              <value>
                <![CDATA[org.testng.TestRunner@1d01dfa5]]>
              </value>
            </param>
            <param index="1">
              <value>
                <![CDATA[public void automationtraining.tests.LoginTest.loginTest() throws java.lang.Exception]]>
              </value>
            </param>
          </params>
          <reporter-output>
          </reporter-output>
        </test-method> <!-- setup -->
        <test-method signature="loginTest()[pri:0, instance:automationtraining.tests.LoginTest@5495333e]" started-at="2025-04-20T10:54:07 IST" name="loginTest" finished-at="2025-04-20T10:54:11 IST" duration-ms="4136" status="PASS">
          <reporter-output>
          </reporter-output>
        </test-method> <!-- loginTest -->
        <test-method is-config="true" signature="tearDown()[pri:0, instance:automationtraining.tests.LoginTest@5495333e]" started-at="2025-04-20T10:54:11 IST" name="tearDown" finished-at="2025-04-20T10:54:12 IST" duration-ms="203" status="PASS">
          <reporter-output>
          </reporter-output>
        </test-method> <!-- tearDown -->
      </class> <!-- automationtraining.tests.LoginTest -->
    </test> <!-- LoginTest_chrome -->
  </suite> <!-- AutomationTrainingSuite -->
</testng-results>
