<?xml version="1.0" encoding="UTF-8"?>
<testng-results ignored="0" total="3" passed="3" failed="0" skipped="0">
  <reporter-output>
  </reporter-output>
  <suite started-at="2025-04-20T10:44:00 IST" name="AutomationTrainingSuite" finished-at="2025-04-20T10:44:14 IST" duration-ms="13465">
    <groups>
    </groups>
    <test started-at="2025-04-20T10:44:00 IST" name="LoginTest_edge" finished-at="2025-04-20T10:44:11 IST" duration-ms="10757">
      <class name="automationtraining.tests.LoginTest">
        <test-method is-config="true" signature="initialize()[pri:0, instance:automationtraining.tests.LoginTest@30bce90b]" started-at="2025-04-20T10:44:00 IST" name="initialize" finished-at="2025-04-20T10:44:00 IST" duration-ms="29" status="PASS">
          <reporter-output>
          </reporter-output>
        </test-method> <!-- initialize -->
        <test-method is-config="true" signature="setup(org.testng.ITestContext,java.lang.reflect.Method)[pri:0, instance:automationtraining.tests.LoginTest@30bce90b]" started-at="2025-04-20T10:44:00 IST" name="setup" finished-at="2025-04-20T10:44:04 IST" duration-ms="3432" status="PASS">
          <params>
            <param index="0">
              <value>
                <![CDATA[org.testng.TestRunner@7efaad5a]]>
              </value>
            </param>
            <param index="1">
              <value>
                <![CDATA[public void automationtraining.tests.LoginTest.loginTest() throws java.lang.Exception]]>
              </value>
            </param>
          </params>
          <reporter-output>
          </reporter-output>
        </test-method> <!-- setup -->
        <test-method signature="loginTest()[pri:0, instance:automationtraining.tests.LoginTest@30bce90b]" started-at="2025-04-20T10:44:04 IST" name="loginTest" finished-at="2025-04-20T10:44:10 IST" duration-ms="5922" status="PASS">
          <reporter-output>
          </reporter-output>
        </test-method> <!-- loginTest -->
        <test-method is-config="true" signature="tearDown()[pri:0, instance:automationtraining.tests.LoginTest@30bce90b]" started-at="2025-04-20T10:44:10 IST" name="tearDown" finished-at="2025-04-20T10:44:11 IST" duration-ms="1367" status="PASS">
          <reporter-output>
          </reporter-output>
        </test-method> <!-- tearDown -->
      </class> <!-- automationtraining.tests.LoginTest -->
    </test> <!-- LoginTest_edge -->
    <test started-at="2025-04-20T10:44:00 IST" name="LoginTest_firefox" finished-at="2025-04-20T10:44:13 IST" duration-ms="12996">
      <class name="automationtraining.tests.LoginTest">
        <test-method is-config="true" signature="setup(org.testng.ITestContext,java.lang.reflect.Method)[pri:0, instance:automationtraining.tests.LoginTest@c7045b9]" started-at="2025-04-20T10:44:00 IST" name="setup" finished-at="2025-04-20T10:44:06 IST" duration-ms="5670" status="PASS">
          <params>
            <param index="0">
              <value>
                <![CDATA[org.testng.TestRunner@6cce16f4]]>
              </value>
            </param>
            <param index="1">
              <value>
                <![CDATA[public void automationtraining.tests.LoginTest.loginTest() throws java.lang.Exception]]>
              </value>
            </param>
          </params>
          <reporter-output>
          </reporter-output>
        </test-method> <!-- setup -->
        <test-method signature="loginTest()[pri:0, instance:automationtraining.tests.LoginTest@c7045b9]" started-at="2025-04-20T10:44:06 IST" name="loginTest" finished-at="2025-04-20T10:44:12 IST" duration-ms="5875" status="PASS">
          <reporter-output>
          </reporter-output>
        </test-method> <!-- loginTest -->
        <test-method is-config="true" signature="tearDown()[pri:0, instance:automationtraining.tests.LoginTest@c7045b9]" started-at="2025-04-20T10:44:12 IST" name="tearDown" finished-at="2025-04-20T10:44:13 IST" duration-ms="1420" status="PASS">
          <reporter-output>
          </reporter-output>
        </test-method> <!-- tearDown -->
      </class> <!-- automationtraining.tests.LoginTest -->
    </test> <!-- LoginTest_firefox -->
    <test started-at="2025-04-20T10:44:00 IST" name="LoginTest_chrome" finished-at="2025-04-20T10:44:14 IST" duration-ms="13465">
      <class name="automationtraining.tests.LoginTest">
        <test-method is-config="true" signature="setup(org.testng.ITestContext,java.lang.reflect.Method)[pri:0, instance:automationtraining.tests.LoginTest@5495333e]" started-at="2025-04-20T10:44:00 IST" name="setup" finished-at="2025-04-20T10:44:04 IST" duration-ms="3918" status="PASS">
          <params>
            <param index="0">
              <value>
                <![CDATA[org.testng.TestRunner@6af9fcb2]]>
              </value>
            </param>
            <param index="1">
              <value>
                <![CDATA[public void automationtraining.tests.LoginTest.loginTest() throws java.lang.Exception]]>
              </value>
            </param>
          </params>
          <reporter-output>
          </reporter-output>
        </test-method> <!-- setup -->
        <test-method signature="loginTest()[pri:0, instance:automationtraining.tests.LoginTest@5495333e]" started-at="2025-04-20T10:44:04 IST" name="loginTest" finished-at="2025-04-20T10:44:13 IST" duration-ms="9297" status="PASS">
          <reporter-output>
          </reporter-output>
        </test-method> <!-- loginTest -->
        <test-method is-config="true" signature="tearDown()[pri:0, instance:automationtraining.tests.LoginTest@5495333e]" started-at="2025-04-20T10:44:13 IST" name="tearDown" finished-at="2025-04-20T10:44:14 IST" duration-ms="212" status="PASS">
          <reporter-output>
          </reporter-output>
        </test-method> <!-- tearDown -->
      </class> <!-- automationtraining.tests.LoginTest -->
    </test> <!-- LoginTest_chrome -->
  </suite> <!-- AutomationTrainingSuite -->
</testng-results>
