<?xml version="1.0" encoding="UTF-8"?>
<testsuite xmlns:xsi="http://www.w3.org/2001/XMLSchema-instance" xsi:noNamespaceSchemaLocation="https://maven.apache.org/surefire/maven-surefire-plugin/xsd/surefire-test-report-3.0.xsd" version="3.0" name="TestSuite" time="14.43" tests="3" errors="0" skipped="0" failures="0">
  <properties>
[...]
</properties>
  <testcase name="loginTest" classname="automationtraining.tests.LoginTest" time="3.685">
    <system-out><![CDATA[10:44:00.592 [main] INFO  automationtraining.base.BaseTest - Loading properties file
10:44:00.598 [main] INFO  automationtraining.util.PropertyUtil - Properties file loaded successfully
10:44:03.469 [TestNG-tests-3] INFO  automationtraining.base.BaseTest - Driver instance created for browser: edge Successfully
10:44:04.390 [TestNG-tests-1] INFO  automationtraining.base.BaseTest - Driver instance created for browser: chrome Successfully
10:44:06.307 [TestNG-tests-2] INFO  automationtraining.base.BaseTest - Driver instance created for browser: firefox Successfully
10:44:07.825 [TestNG-tests-3] INFO  automationtraining.tests.LoginTest - Navigated to URL: https://opensource-demo.orangehrmlive.com/web/index.php/auth/login
10:44:09.822 [TestNG-tests-2] INFO  automationtraining.tests.LoginTest - Navigated to URL: https://opensource-demo.orangehrmlive.com/web/index.php/auth/login
10:44:10.001 [TestNG-tests-3] INFO  automationtraining.tests.LoginTest - Login successful
]]></system-out>
    <system-err><![CDATA[SLF4J: Failed to load class "org.slf4j.impl.StaticLoggerBinder".
SLF4J: Defaulting to no-operation (NOP) logger implementation
SLF4J: See http://www.slf4j.org/codes.html#StaticLoggerBinder for further details.
Apr 20, 2025 10:44:03 AM org.openqa.selenium.devtools.CdpVersionFinder findNearestMatch
WARNING: Unable to find an exact match for CDP version 135, returning the closest version; found: 134; Please update to a Selenium version that supports CDP version 135
Apr 20, 2025 10:44:04 AM org.openqa.selenium.devtools.CdpVersionFinder findNearestMatch
WARNING: Unable to find an exact match for CDP version 135, returning the closest version; found: 134; Please update to a Selenium version that supports CDP version 135
]]></system-err>
  </testcase>
  <testcase name="loginTest" classname="automationtraining.tests.LoginTest" time="5.874">
    <system-out><![CDATA[10:44:10.005 [TestNG-tests-3] INFO  automationtraining.base.BaseTest - EdgeDriver: MicrosoftEdge on windows (c00069307b05d7ac2f244f46ecb40e82) Closing the browser
10:44:11.636 [TestNG-tests-1] INFO  automationtraining.tests.LoginTest - Navigated to URL: https://opensource-demo.orangehrmlive.com/web/index.php/auth/login
10:44:12.192 [TestNG-tests-2] INFO  automationtraining.tests.LoginTest - Login successful
]]></system-out>
  </testcase>
  <testcase name="loginTest" classname="automationtraining.tests.LoginTest" time="7.545">
    <system-out><![CDATA[10:44:12.195 [TestNG-tests-2] INFO  automationtraining.base.BaseTest - FirefoxDriver: firefox on windows (f2c0561f-13b5-4c02-884e-697b3f89b1b1) Closing the browser
10:44:13.863 [TestNG-tests-1] INFO  automationtraining.tests.LoginTest - Login successful
]]></system-out>
  </testcase>
</testsuite>