<?xml version="1.0" encoding="UTF-8"?>
<testng-results ignored="0" total="3" passed="3" failed="0" skipped="0">
  <reporter-output>
  </reporter-output>
  <suite started-at="2025-04-18T16:46:02 IST" name="AutomationTrainingSuite" finished-at="2025-04-18T16:46:27 IST" duration-ms="24959">
    <groups>
    </groups>
    <test started-at="2025-04-18T16:46:02 IST" name="LoginTest_chrome" finished-at="2025-04-18T16:46:23 IST" duration-ms="20082">
      <class name="automationtraining.tests.LoginTest">
        <test-method is-config="true" signature="setup(org.testng.ITestContext,java.lang.reflect.Method)[pri:0, instance:automationtraining.tests.LoginTest@17d88132]" started-at="2025-04-18T16:46:03 IST" name="setup" finished-at="2025-04-18T16:46:09 IST" duration-ms="6589" status="PASS">
          <params>
            <param index="0">
              <value>
                <![CDATA[org.testng.TestRunner@3e7dd664]]>
              </value>
            </param>
            <param index="1">
              <value>
                <![CDATA[public void automationtraining.tests.LoginTest.loginTest() throws java.lang.Exception]]>
              </value>
            </param>
          </params>
          <reporter-output>
          </reporter-output>
        </test-method> <!-- setup -->
        <test-method signature="loginTest()[pri:0, instance:automationtraining.tests.LoginTest@17d88132]" started-at="2025-04-18T16:46:09 IST" name="loginTest" finished-at="2025-04-18T16:46:22 IST" duration-ms="12405" status="PASS">
          <reporter-output>
          </reporter-output>
        </test-method> <!-- loginTest -->
        <test-method is-config="true" signature="tearDown()[pri:0, instance:automationtraining.tests.LoginTest@17d88132]" started-at="2025-04-18T16:46:22 IST" name="tearDown" finished-at="2025-04-18T16:46:23 IST" duration-ms="968" status="PASS">
          <reporter-output>
          </reporter-output>
        </test-method> <!-- tearDown -->
      </class> <!-- automationtraining.tests.LoginTest -->
    </test> <!-- LoginTest_chrome -->
    <test started-at="2025-04-18T16:46:02 IST" name="LoginTest_edge" finished-at="2025-04-18T16:46:24 IST" duration-ms="21652">
      <class name="automationtraining.tests.LoginTest">
        <test-method is-config="true" signature="initialize()[pri:0, instance:automationtraining.tests.LoginTest@67d18ed7]" started-at="2025-04-18T16:46:02 IST" name="initialize" finished-at="2025-04-18T16:46:02 IST" duration-ms="36" status="PASS">
          <reporter-output>
          </reporter-output>
        </test-method> <!-- initialize -->
        <test-method is-config="true" signature="setup(org.testng.ITestContext,java.lang.reflect.Method)[pri:0, instance:automationtraining.tests.LoginTest@67d18ed7]" started-at="2025-04-18T16:46:03 IST" name="setup" finished-at="2025-04-18T16:46:09 IST" duration-ms="6640" status="PASS">
          <params>
            <param index="0">
              <value>
                <![CDATA[org.testng.TestRunner@294a6b8e]]>
              </value>
            </param>
            <param index="1">
              <value>
                <![CDATA[public void automationtraining.tests.LoginTest.loginTest() throws java.lang.Exception]]>
              </value>
            </param>
          </params>
          <reporter-output>
          </reporter-output>
        </test-method> <!-- setup -->
        <test-method signature="loginTest()[pri:0, instance:automationtraining.tests.LoginTest@67d18ed7]" started-at="2025-04-18T16:46:09 IST" name="loginTest" finished-at="2025-04-18T16:46:22 IST" duration-ms="12518" status="PASS">
          <reporter-output>
          </reporter-output>
        </test-method> <!-- loginTest -->
        <test-method is-config="true" signature="tearDown()[pri:0, instance:automationtraining.tests.LoginTest@67d18ed7]" started-at="2025-04-18T16:46:22 IST" name="tearDown" finished-at="2025-04-18T16:46:24 IST" duration-ms="2380" status="PASS">
          <reporter-output>
          </reporter-output>
        </test-method> <!-- tearDown -->
      </class> <!-- automationtraining.tests.LoginTest -->
    </test> <!-- LoginTest_edge -->
    <test started-at="2025-04-18T16:46:02 IST" name="LoginTest_firefox" finished-at="2025-04-18T16:46:27 IST" duration-ms="24959">
      <class name="automationtraining.tests.LoginTest">
        <test-method is-config="true" signature="setup(org.testng.ITestContext,java.lang.reflect.Method)[pri:0, instance:automationtraining.tests.LoginTest@31ff43be]" started-at="2025-04-18T16:46:03 IST" name="setup" finished-at="2025-04-18T16:46:18 IST" duration-ms="15072" status="PASS">
          <params>
            <param index="0">
              <value>
                <![CDATA[org.testng.TestRunner@5b1ebf56]]>
              </value>
            </param>
            <param index="1">
              <value>
                <![CDATA[public void automationtraining.tests.LoginTest.loginTest() throws java.lang.Exception]]>
              </value>
            </param>
          </params>
          <reporter-output>
          </reporter-output>
        </test-method> <!-- setup -->
        <test-method signature="loginTest()[pri:0, instance:automationtraining.tests.LoginTest@31ff43be]" started-at="2025-04-18T16:46:18 IST" name="loginTest" finished-at="2025-04-18T16:46:25 IST" duration-ms="7714" status="PASS">
          <reporter-output>
          </reporter-output>
        </test-method> <!-- loginTest -->
        <test-method is-config="true" signature="tearDown()[pri:0, instance:automationtraining.tests.LoginTest@31ff43be]" started-at="2025-04-18T16:46:25 IST" name="tearDown" finished-at="2025-04-18T16:46:27 IST" duration-ms="2064" status="PASS">
          <reporter-output>
          </reporter-output>
        </test-method> <!-- tearDown -->
      </class> <!-- automationtraining.tests.LoginTest -->
    </test> <!-- LoginTest_firefox -->
  </suite> <!-- AutomationTrainingSuite -->
</testng-results>
