<?xml version="1.0" encoding="UTF-8"?>
<testng-results ignored="1" total="2" passed="1" failed="0" skipped="0">
  <reporter-output>
  </reporter-output>
  <suite started-at="2025-05-03T23:02:49 IST" name="FrameTestSuite" finished-at="2025-05-03T23:02:57 IST" duration-ms="7517">
    <groups>
    </groups>
    <test started-at="2025-05-03T23:02:49 IST" name="FrameTest" finished-at="2025-05-03T23:02:57 IST" duration-ms="7517">
      <class name="automationtraining.tests.FrameTest">
        <test-method is-config="true" signature="initialize()[pri:0, instance:automationtraining.tests.FrameTest@39ac0c0a]" started-at="2025-05-03T23:02:49 IST" name="initialize" finished-at="2025-05-03T23:02:49 IST" duration-ms="418" status="PASS">
          <reporter-output>
          </reporter-output>
        </test-method> <!-- initialize -->
        <test-method is-config="true" signature="setup(org.testng.ITestContext,java.lang.reflect.Method)[pri:0, instance:automationtraining.tests.FrameTest@39ac0c0a]" started-at="2025-05-03T23:02:50 IST" name="setup" finished-at="2025-05-03T23:02:53 IST" duration-ms="3282" status="PASS">
          <params>
            <param index="0">
              <value>
                <![CDATA[org.testng.TestRunner@f951a7f]]>
              </value>
            </param>
            <param index="1">
              <value>
                <![CDATA[public void automationtraining.tests.FrameTest.verifyNestedFrame()]]>
              </value>
            </param>
          </params>
          <reporter-output>
          </reporter-output>
        </test-method> <!-- setup -->
        <test-method signature="verifyNestedFrame()[pri:0, instance:automationtraining.tests.FrameTest@39ac0c0a]" started-at="2025-05-03T23:02:53 IST" name="verifyNestedFrame" finished-at="2025-05-03T23:02:57 IST" duration-ms="4167" status="PASS">
          <reporter-output>
          </reporter-output>
        </test-method> <!-- verifyNestedFrame -->
        <test-method is-config="true" signature="generateReport()[pri:0, instance:automationtraining.tests.FrameTest@39ac0c0a]" started-at="2025-05-03T23:02:57 IST" name="generateReport" finished-at="2025-05-03T23:02:58 IST" duration-ms="1154" status="PASS">
          <reporter-output>
          </reporter-output>
        </test-method> <!-- generateReport -->
      </class> <!-- automationtraining.tests.FrameTest -->
    </test> <!-- FrameTest -->
  </suite> <!-- FrameTestSuite -->
</testng-results>
