<?xml version="1.0" encoding="UTF-8"?>
<!-- Generated by org.testng.reporters.JUnitXMLReporter -->
<testsuite ignored="0" hostname="FFE-Manikantha-FFE119" failures="2" tests="2" name="LoginTest_edge" time="68.095" errors="0" timestamp="2025-04-23T21:08:49 IST">
  <testcase classname="automationtraining.tests.LoginTest" name="loginTest" time="20.587">
    <failure type="org.openqa.selenium.TimeoutException" message="timeout: Timed out receiving message from renderer: 1.887
  (Session info: MicrosoftEdge=135.0.3179.85)
Build info: version: &amp;apos;4.30.0&amp;apos;, revision: &amp;apos;509c7f17cc*&amp;apos;
System info: os.name: &amp;apos;Windows 10&amp;apos;, os.arch: &amp;apos;amd64&amp;apos;, os.version: &amp;apos;10.0&amp;apos;, java.version: &amp;apos;17.0.10&amp;apos;
Driver info: org.openqa.selenium.remote.RemoteWebDriver
Command: [14da1041046f5d7c1adf5e05c08b311d, get {url=https://opensource-demo.orangehrmlive.com/web/index.php/auth/login}]
Capabilities {acceptInsecureCerts: false, browserName: MicrosoftEdge, browserVersion: 135.0.3179.85, fedcm:accounts: true, ms:edgeOptions: {debuggerAddress: localhost:50674}, msedge: {msedgedriverVersion: 135.0.3179.85 (578105711aca..., userDataDir: C:\Users\Momitha\AppData\Lo...}, networkConnectionEnabled: false, pageLoadStrategy: normal, platformName: Windows 10, proxy: Proxy(), se:bidiEnabled: false, se:cdp: ws://172.20.10.2:4444/sessi..., se:cdpVersion: 135.0.3179.85, setWindowRect: true, strictFileInteractability: false, timeouts: {implicit: 0, pageLoad: 300000, script: 30000}, unhandledPromptBehavior: dismiss and notify, webauthn:extension:credBlob: true, webauthn:extension:largeBlob: true, webauthn:extension:minPinLength: true, webauthn:extension:prf: true, webauthn:virtualAuthenticators: true}
Session ID: 14da1041046f5d7c1adf5e05c08b311d">
      <![CDATA[org.openqa.selenium.TimeoutException: timeout: Timed out receiving message from renderer: 1.887
  (Session info: MicrosoftEdge=135.0.3179.85)
Build info: version: '4.30.0', revision: '509c7f17cc*'
System info: os.name: 'Windows 10', os.arch: 'amd64', os.version: '10.0', java.version: '17.0.10'
Driver info: org.openqa.selenium.remote.RemoteWebDriver
Command: [14da1041046f5d7c1adf5e05c08b311d, get {url=https://opensource-demo.orangehrmlive.com/web/index.php/auth/login}]
Capabilities {acceptInsecureCerts: false, browserName: MicrosoftEdge, browserVersion: 135.0.3179.85, fedcm:accounts: true, ms:edgeOptions: {debuggerAddress: localhost:50674}, msedge: {msedgedriverVersion: 135.0.3179.85 (578105711aca..., userDataDir: C:\Users\Momitha\AppData\Lo...}, networkConnectionEnabled: false, pageLoadStrategy: normal, platformName: Windows 10, proxy: Proxy(), se:bidiEnabled: false, se:cdp: ws://172.20.10.2:4444/sessi..., se:cdpVersion: 135.0.3179.85, setWindowRect: true, strictFileInteractability: false, timeouts: {implicit: 0, pageLoad: 300000, script: 30000}, unhandledPromptBehavior: dismiss and notify, webauthn:extension:credBlob: true, webauthn:extension:largeBlob: true, webauthn:extension:minPinLength: true, webauthn:extension:prf: true, webauthn:virtualAuthenticators: true}
Session ID: 14da1041046f5d7c1adf5e05c08b311d
at org.openqa.selenium.remote.ErrorCodec.decode(ErrorCodec.java:167)
at org.openqa.selenium.remote.codec.w3c.W3CHttpResponseCodec.decode(W3CHttpResponseCodec.java:138)
at org.openqa.selenium.remote.codec.w3c.W3CHttpResponseCodec.decode(W3CHttpResponseCodec.java:50)
at org.openqa.selenium.remote.HttpCommandExecutor.execute(HttpCommandExecutor.java:215)
at org.openqa.selenium.remote.TracedCommandExecutor.execute(TracedCommandExecutor.java:53)
at org.openqa.selenium.remote.RemoteWebDriver.execute(RemoteWebDriver.java:545)
at org.openqa.selenium.remote.RemoteWebDriver.get(RemoteWebDriver.java:313)
at automationtraining.tests.LoginTest.loginTest(LoginTest.java:19)
at java.base/java.util.ArrayList.forEach(ArrayList.java:1511)
at java.base/java.util.concurrent.FutureTask.run(FutureTask.java:264)
at java.base/java.util.concurrent.ThreadPoolExecutor.runWorker(ThreadPoolExecutor.java:1136)
at java.base/java.util.concurrent.ThreadPoolExecutor$Worker.run(ThreadPoolExecutor.java:635)
at java.base/java.lang.Thread.run(Thread.java:842)
... Removed 22 stack frames]]>
    </failure>
  </testcase> <!-- loginTest -->
  <testcase classname="automationtraining.tests.LoginTest" name="loginTest1" time="20.084">
    <failure type="org.openqa.selenium.TimeoutException" message="timeout: Timed out receiving message from renderer: 1.934
  (Session info: MicrosoftEdge=135.0.3179.85)
Build info: version: &amp;apos;4.30.0&amp;apos;, revision: &amp;apos;509c7f17cc*&amp;apos;
System info: os.name: &amp;apos;Windows 10&amp;apos;, os.arch: &amp;apos;amd64&amp;apos;, os.version: &amp;apos;10.0&amp;apos;, java.version: &amp;apos;17.0.10&amp;apos;
Driver info: org.openqa.selenium.remote.RemoteWebDriver
Command: [5b47ebf8fcc9d1f2274c16096eff1052, get {url=https://opensource-demo.orangehrmlive.com/web/index.php/auth/login}]
Capabilities {acceptInsecureCerts: false, browserName: MicrosoftEdge, browserVersion: 135.0.3179.85, fedcm:accounts: true, ms:edgeOptions: {debuggerAddress: localhost:50811}, msedge: {msedgedriverVersion: 135.0.3179.85 (578105711aca..., userDataDir: C:\Users\Momitha\AppData\Lo...}, networkConnectionEnabled: false, pageLoadStrategy: normal, platformName: Windows 10, proxy: Proxy(), se:bidiEnabled: false, se:cdp: ws://172.20.10.2:4444/sessi..., se:cdpVersion: 135.0.3179.85, setWindowRect: true, strictFileInteractability: false, timeouts: {implicit: 0, pageLoad: 300000, script: 30000}, unhandledPromptBehavior: dismiss and notify, webauthn:extension:credBlob: true, webauthn:extension:largeBlob: true, webauthn:extension:minPinLength: true, webauthn:extension:prf: true, webauthn:virtualAuthenticators: true}
Session ID: 5b47ebf8fcc9d1f2274c16096eff1052">
      <![CDATA[org.openqa.selenium.TimeoutException: timeout: Timed out receiving message from renderer: 1.934
  (Session info: MicrosoftEdge=135.0.3179.85)
Build info: version: '4.30.0', revision: '509c7f17cc*'
System info: os.name: 'Windows 10', os.arch: 'amd64', os.version: '10.0', java.version: '17.0.10'
Driver info: org.openqa.selenium.remote.RemoteWebDriver
Command: [5b47ebf8fcc9d1f2274c16096eff1052, get {url=https://opensource-demo.orangehrmlive.com/web/index.php/auth/login}]
Capabilities {acceptInsecureCerts: false, browserName: MicrosoftEdge, browserVersion: 135.0.3179.85, fedcm:accounts: true, ms:edgeOptions: {debuggerAddress: localhost:50811}, msedge: {msedgedriverVersion: 135.0.3179.85 (578105711aca..., userDataDir: C:\Users\Momitha\AppData\Lo...}, networkConnectionEnabled: false, pageLoadStrategy: normal, platformName: Windows 10, proxy: Proxy(), se:bidiEnabled: false, se:cdp: ws://172.20.10.2:4444/sessi..., se:cdpVersion: 135.0.3179.85, setWindowRect: true, strictFileInteractability: false, timeouts: {implicit: 0, pageLoad: 300000, script: 30000}, unhandledPromptBehavior: dismiss and notify, webauthn:extension:credBlob: true, webauthn:extension:largeBlob: true, webauthn:extension:minPinLength: true, webauthn:extension:prf: true, webauthn:virtualAuthenticators: true}
Session ID: 5b47ebf8fcc9d1f2274c16096eff1052
at org.openqa.selenium.remote.ErrorCodec.decode(ErrorCodec.java:167)
at org.openqa.selenium.remote.codec.w3c.W3CHttpResponseCodec.decode(W3CHttpResponseCodec.java:138)
at org.openqa.selenium.remote.codec.w3c.W3CHttpResponseCodec.decode(W3CHttpResponseCodec.java:50)
at org.openqa.selenium.remote.HttpCommandExecutor.execute(HttpCommandExecutor.java:215)
at org.openqa.selenium.remote.TracedCommandExecutor.execute(TracedCommandExecutor.java:53)
at org.openqa.selenium.remote.RemoteWebDriver.execute(RemoteWebDriver.java:545)
at org.openqa.selenium.remote.RemoteWebDriver.get(RemoteWebDriver.java:313)
at automationtraining.tests.LoginTest.loginTest1(LoginTest.java:30)
at java.base/java.util.ArrayList.forEach(ArrayList.java:1511)
at java.base/java.util.concurrent.FutureTask.run(FutureTask.java:264)
at java.base/java.util.concurrent.ThreadPoolExecutor.runWorker(ThreadPoolExecutor.java:1136)
at java.base/java.util.concurrent.ThreadPoolExecutor$Worker.run(ThreadPoolExecutor.java:635)
at java.base/java.lang.Thread.run(Thread.java:842)
... Removed 22 stack frames]]>
    </failure>
  </testcase> <!-- loginTest1 -->
</testsuite> <!-- LoginTest_edge -->
