<?xml version="1.0" encoding="UTF-8"?>
<!-- Generated by org.testng.reporters.JUnitXMLReporter -->
<testsuite ignored="1" hostname="FFE-Manikantha-FFE119" failures="0" tests="1" name="FrameTest" time="7.517" errors="0" timestamp="2025-05-03T23:02:57 IST">
  <testcase classname="automationtraining.tests.FrameTest" name="verifyNestedFrame" time="4.167"/>
  <testcase classname="automationtraining.tests.FrameTest" name="verifyFrame" time="0.0">
    <ignored/>
  </testcase> <!-- verifyFrame -->
</testsuite> <!-- FrameTest -->
